Analysis & Synthesis report for FIFO
Tue Feb 01 19:08:59 2022
Quartus Prime Version 17.0.0 Build 595 04/25/2017 SJ Lite Edition


---------------------
; Table of Contents ;
---------------------
  1. Legal Notice
  2. Analysis & Synthesis Summary
  3. Analysis & Synthesis Settings
  4. Parallel Compilation
  5. Analysis & Synthesis Source Files Read
  6. Analysis & Synthesis Resource Usage Summary
  7. Analysis & Synthesis Resource Utilization by Entity
  8. Analysis & Synthesis RAM Summary
  9. Analysis & Synthesis IP Cores Summary
 10. Registers Removed During Synthesis
 11. General Register Statistics
 12. Multiplexer Restructuring Statistics (Restructuring Performed)
 13. Parameter Settings for User Entity Instance: FIFO:FIFObuffer
 14. Parameter Settings for User Entity Instance: FIFO:FIFObuffer|ram16x8:ramData|altdpram:altdpram_component
 15. Parameter Settings for User Entity Instance: FIFO:FIFObuffer|FIFO_Control:FC
 16. Parameter Settings for User Entity Instance: hexDisplay:display
 17. Post-Synthesis Netlist Statistics for Top Partition
 18. Elapsed Time Per Partition
 19. Analysis & Synthesis Messages



----------------
; Legal Notice ;
----------------
Copyright (C) 2017  Intel Corporation. All rights reserved.
Your use of Intel Corporation's design tools, logic functions 
and other software and tools, and its AMPP partner logic 
functions, and any output files from any of the foregoing 
(including device programming or simulation files), and any 
associated documentation or information are expressly subject 
to the terms and conditions of the Intel Program License 
Subscription Agreement, the Intel Quartus Prime License Agreement,
the Intel MegaCore Function License Agreement, or other 
applicable license agreement, including, without limitation, 
that your use is for the sole purpose of programming logic 
devices manufactured by Intel and sold by Intel or its 
authorized distributors.  Please refer to the applicable 
agreement for further details.



+-------------------------------------------------------------------------------+
; Analysis & Synthesis Summary                                                  ;
+---------------------------------+---------------------------------------------+
; Analysis & Synthesis Status     ; Successful - Tue Feb 01 19:08:59 2022       ;
; Quartus Prime Version           ; 17.0.0 Build 595 04/25/2017 SJ Lite Edition ;
; Revision Name                   ; FIFO                                        ;
; Top-level Entity Name           ; DE1_SoC                                     ;
; Family                          ; Cyclone V                                   ;
; Logic utilization (in ALMs)     ; N/A                                         ;
; Total registers                 ; 18                                          ;
; Total pins                      ; 53                                          ;
; Total virtual pins              ; 0                                           ;
; Total block memory bits         ; 0                                           ;
; Total DSP Blocks                ; 0                                           ;
; Total HSSI RX PCSs              ; 0                                           ;
; Total HSSI PMA RX Deserializers ; 0                                           ;
; Total HSSI TX PCSs              ; 0                                           ;
; Total HSSI PMA TX Serializers   ; 0                                           ;
; Total PLLs                      ; 0                                           ;
; Total DLLs                      ; 0                                           ;
+---------------------------------+---------------------------------------------+


+---------------------------------------------------------------------------------------------------------------------------+
; Analysis & Synthesis Settings                                                                                             ;
+---------------------------------------------------------------------------------+--------------------+--------------------+
; Option                                                                          ; Setting            ; Default Value      ;
+---------------------------------------------------------------------------------+--------------------+--------------------+
; Device                                                                          ; 5CSEMA5F31C6       ;                    ;
; Top-level entity name                                                           ; DE1_SoC            ; FIFO               ;
; Family name                                                                     ; Cyclone V          ; Cyclone V          ;
; Use smart compilation                                                           ; Off                ; Off                ;
; Enable parallel Assembler and TimeQuest Timing Analyzer during compilation      ; On                 ; On                 ;
; Enable compact report table                                                     ; Off                ; Off                ;
; Restructure Multiplexers                                                        ; Auto               ; Auto               ;
; MLAB Add Timing Constraints For Mixed-Port Feed-Through Mode Setting Don't Care ; Off                ; Off                ;
; Create Debugging Nodes for IP Cores                                             ; Off                ; Off                ;
; Preserve fewer node names                                                       ; On                 ; On                 ;
; OpenCore Plus hardware evaluation                                               ; Enable             ; Enable             ;
; Verilog Version                                                                 ; Verilog_2001       ; Verilog_2001       ;
; VHDL Version                                                                    ; VHDL_1993          ; VHDL_1993          ;
; State Machine Processing                                                        ; Auto               ; Auto               ;
; Safe State Machine                                                              ; Off                ; Off                ;
; Extract Verilog State Machines                                                  ; On                 ; On                 ;
; Extract VHDL State Machines                                                     ; On                 ; On                 ;
; Ignore Verilog initial constructs                                               ; Off                ; Off                ;
; Iteration limit for constant Verilog loops                                      ; 5000               ; 5000               ;
; Iteration limit for non-constant Verilog loops                                  ; 250                ; 250                ;
; Add Pass-Through Logic to Inferred RAMs                                         ; On                 ; On                 ;
; Infer RAMs from Raw Logic                                                       ; On                 ; On                 ;
; Parallel Synthesis                                                              ; On                 ; On                 ;
; DSP Block Balancing                                                             ; Auto               ; Auto               ;
; NOT Gate Push-Back                                                              ; On                 ; On                 ;
; Power-Up Don't Care                                                             ; On                 ; On                 ;
; Remove Redundant Logic Cells                                                    ; Off                ; Off                ;
; Remove Duplicate Registers                                                      ; On                 ; On                 ;
; Ignore CARRY Buffers                                                            ; Off                ; Off                ;
; Ignore CASCADE Buffers                                                          ; Off                ; Off                ;
; Ignore GLOBAL Buffers                                                           ; Off                ; Off                ;
; Ignore ROW GLOBAL Buffers                                                       ; Off                ; Off                ;
; Ignore LCELL Buffers                                                            ; Off                ; Off                ;
; Ignore SOFT Buffers                                                             ; On                 ; On                 ;
; Limit AHDL Integers to 32 Bits                                                  ; Off                ; Off                ;
; Optimization Technique                                                          ; Balanced           ; Balanced           ;
; Carry Chain Length                                                              ; 70                 ; 70                 ;
; Auto Carry Chains                                                               ; On                 ; On                 ;
; Auto Open-Drain Pins                                                            ; On                 ; On                 ;
; Perform WYSIWYG Primitive Resynthesis                                           ; Off                ; Off                ;
; Auto ROM Replacement                                                            ; On                 ; On                 ;
; Auto RAM Replacement                                                            ; On                 ; On                 ;
; Auto DSP Block Replacement                                                      ; On                 ; On                 ;
; Auto Shift Register Replacement                                                 ; Auto               ; Auto               ;
; Allow Shift Register Merging across Hierarchies                                 ; Auto               ; Auto               ;
; Auto Clock Enable Replacement                                                   ; On                 ; On                 ;
; Strict RAM Replacement                                                          ; Off                ; Off                ;
; Allow Synchronous Control Signals                                               ; On                 ; On                 ;
; Force Use of Synchronous Clear Signals                                          ; Off                ; Off                ;
; Auto Resource Sharing                                                           ; Off                ; Off                ;
; Allow Any RAM Size For Recognition                                              ; Off                ; Off                ;
; Allow Any ROM Size For Recognition                                              ; Off                ; Off                ;
; Allow Any Shift Register Size For Recognition                                   ; Off                ; Off                ;
; Use LogicLock Constraints during Resource Balancing                             ; On                 ; On                 ;
; Ignore translate_off and synthesis_off directives                               ; Off                ; Off                ;
; Timing-Driven Synthesis                                                         ; On                 ; On                 ;
; Report Parameter Settings                                                       ; On                 ; On                 ;
; Report Source Assignments                                                       ; On                 ; On                 ;
; Report Connectivity Checks                                                      ; On                 ; On                 ;
; Ignore Maximum Fan-Out Assignments                                              ; Off                ; Off                ;
; Synchronization Register Chain Length                                           ; 3                  ; 3                  ;
; PowerPlay Power Optimization During Synthesis                                   ; Normal compilation ; Normal compilation ;
; HDL message level                                                               ; Level2             ; Level2             ;
; Suppress Register Optimization Related Messages                                 ; Off                ; Off                ;
; Number of Removed Registers Reported in Synthesis Report                        ; 5000               ; 5000               ;
; Number of Swept Nodes Reported in Synthesis Report                              ; 5000               ; 5000               ;
; Number of Inverted Registers Reported in Synthesis Report                       ; 100                ; 100                ;
; Clock MUX Protection                                                            ; On                 ; On                 ;
; Auto Gated Clock Conversion                                                     ; Off                ; Off                ;
; Block Design Naming                                                             ; Auto               ; Auto               ;
; SDC constraint protection                                                       ; Off                ; Off                ;
; Synthesis Effort                                                                ; Auto               ; Auto               ;
; Shift Register Replacement - Allow Asynchronous Clear Signal                    ; On                 ; On                 ;
; Pre-Mapping Resynthesis Optimization                                            ; Off                ; Off                ;
; Analysis & Synthesis Message Level                                              ; Medium             ; Medium             ;
; Disable Register Merging Across Hierarchies                                     ; Auto               ; Auto               ;
; Resource Aware Inference For Block RAM                                          ; On                 ; On                 ;
; Automatic Parallel Synthesis                                                    ; On                 ; On                 ;
; Partial Reconfiguration Bitstream ID                                            ; Off                ; Off                ;
+---------------------------------------------------------------------------------+--------------------+--------------------+


+------------------------------------------+
; Parallel Compilation                     ;
+----------------------------+-------------+
; Processors                 ; Number      ;
+----------------------------+-------------+
; Number detected on machine ; 20          ;
; Maximum allowed            ; 10          ;
;                            ;             ;
; Average used               ; 1.00        ;
; Maximum used               ; 10          ;
;                            ;             ;
; Usage by Processor         ; % Time Used ;
;     Processor 1            ; 100.0%      ;
;     Processors 2-10        ;   0.0%      ;
+----------------------------+-------------+


+------------------------------------------------------------------------------------------------------------------------------------------------------------------------------+
; Analysis & Synthesis Source Files Read                                                                                                                                       ;
+----------------------------------+-----------------+----------------------------------+----------------------------------------------------------------------------+---------+
; File Name with User-Entered Path ; Used in Netlist ; File Type                        ; File Name with Absolute Path                                               ; Library ;
+----------------------------------+-----------------+----------------------------------+----------------------------------------------------------------------------+---------+
; FIFO_Control.sv                  ; yes             ; User SystemVerilog HDL File      ; C:/Users/Alan/Documents/UW/EE 371/lab2/lab2_task3/FIFO_Control.sv          ;         ;
; FIFO.sv                          ; yes             ; User SystemVerilog HDL File      ; C:/Users/Alan/Documents/UW/EE 371/lab2/lab2_task3/FIFO.sv                  ;         ;
; ram16x8.mif                      ; yes             ; User Memory Initialization File  ; C:/Users/Alan/Documents/UW/EE 371/lab2/lab2_task3/ram16x8.mif              ;         ;
; ram16x8.v                        ; yes             ; User Wizard-Generated File       ; C:/Users/Alan/Documents/UW/EE 371/lab2/lab2_task3/ram16x8.v                ;         ;
; DE1_SoC.sv                       ; yes             ; User SystemVerilog HDL File      ; C:/Users/Alan/Documents/UW/EE 371/lab2/lab2_task3/DE1_SoC.sv               ;         ;
; writePointer.sv                  ; yes             ; User SystemVerilog HDL File      ; C:/Users/Alan/Documents/UW/EE 371/lab2/lab2_task3/writePointer.sv          ;         ;
; readPointer.sv                   ; yes             ; User SystemVerilog HDL File      ; C:/Users/Alan/Documents/UW/EE 371/lab2/lab2_task3/readPointer.sv           ;         ;
; hexDisplay.sv                    ; yes             ; User SystemVerilog HDL File      ; C:/Users/Alan/Documents/UW/EE 371/lab2/lab2_task3/hexDisplay.sv            ;         ;
; altdpram.tdf                     ; yes             ; Megafunction                     ; c:/intelfpga_lite/17.0/quartus/libraries/megafunctions/altdpram.tdf        ;         ;
; memmodes.inc                     ; yes             ; Megafunction                     ; c:/intelfpga_lite/17.0/quartus/libraries/others/maxplus2/memmodes.inc      ;         ;
; lpm_decode.inc                   ; yes             ; Megafunction                     ; c:/intelfpga_lite/17.0/quartus/libraries/megafunctions/lpm_decode.inc      ;         ;
; lpm_mux.inc                      ; yes             ; Megafunction                     ; c:/intelfpga_lite/17.0/quartus/libraries/megafunctions/lpm_mux.inc         ;         ;
; a_hdffe.inc                      ; yes             ; Megafunction                     ; c:/intelfpga_lite/17.0/quartus/libraries/megafunctions/a_hdffe.inc         ;         ;
; a_rdenreg.inc                    ; yes             ; Megafunction                     ; c:/intelfpga_lite/17.0/quartus/libraries/megafunctions/a_rdenreg.inc       ;         ;
; alt_le_rden_reg.inc              ; yes             ; Megafunction                     ; c:/intelfpga_lite/17.0/quartus/libraries/megafunctions/alt_le_rden_reg.inc ;         ;
; altsyncram.inc                   ; yes             ; Megafunction                     ; c:/intelfpga_lite/17.0/quartus/libraries/megafunctions/altsyncram.inc      ;         ;
; aglobal170.inc                   ; yes             ; Megafunction                     ; c:/intelfpga_lite/17.0/quartus/libraries/megafunctions/aglobal170.inc      ;         ;
; db/dpram_u442.tdf                ; yes             ; Auto-Generated Megafunction      ; C:/Users/Alan/Documents/UW/EE 371/lab2/lab2_task3/db/dpram_u442.tdf        ;         ;
+----------------------------------+-----------------+----------------------------------+----------------------------------------------------------------------------+---------+


+--------------------------------------------------------------+
; Analysis & Synthesis Resource Usage Summary                  ;
+---------------------------------------------+----------------+
; Resource                                    ; Usage          ;
+---------------------------------------------+----------------+
; Estimate of Logic utilization (ALMs needed) ; 37             ;
;                                             ;                ;
; Combinational ALUT usage for logic          ; 47             ;
;     -- 7 input functions                    ; 0              ;
;     -- 6 input functions                    ; 4              ;
;     -- 5 input functions                    ; 5              ;
;     -- 4 input functions                    ; 30             ;
;     -- <=3 input functions                  ; 8              ;
; Memory ALUT usage                           ; 8              ;
;     -- 64-address deep                      ; 0              ;
;     -- 32-address deep                      ; 8              ;
;                                             ;                ;
; Dedicated logic registers                   ; 18             ;
;                                             ;                ;
; I/O pins                                    ; 53             ;
; Total MLAB memory bits                      ; 128            ;
; Total block memory bits                     ; 0              ;
;                                             ;                ;
; Total DSP Blocks                            ; 0              ;
;                                             ;                ;
; Maximum fan-out node                        ; CLOCK_50~input ;
; Maximum fan-out                             ; 18             ;
; Total fan-out                               ; 395            ;
; Average fan-out                             ; 2.21           ;
+---------------------------------------------+----------------+


+---------------------------------------------------------------------------------------------------------------------------------------------------------------------------------------------------------------------------------------------------------------------------------+
; Analysis & Synthesis Resource Utilization by Entity                                                                                                                                                                                                                             ;
+-----------------------------------------+---------------------+---------------------------+-------------------+------------+------+--------------+------------------------------------------------------------------------------------------------+--------------+--------------+
; Compilation Hierarchy Node              ; Combinational ALUTs ; Dedicated Logic Registers ; Block Memory Bits ; DSP Blocks ; Pins ; Virtual Pins ; Full Hierarchy Name                                                                            ; Entity Name  ; Library Name ;
+-----------------------------------------+---------------------+---------------------------+-------------------+------------+------+--------------+------------------------------------------------------------------------------------------------+--------------+--------------+
; |DE1_SoC                                ; 47 (0)              ; 18 (0)                    ; 0                 ; 0          ; 53   ; 0            ; |DE1_SoC                                                                                       ; DE1_SoC      ; work         ;
;    |FIFO:FIFObuffer|                    ; 19 (0)              ; 18 (0)                    ; 0                 ; 0          ; 0    ; 0            ; |DE1_SoC|FIFO:FIFObuffer                                                                       ; FIFO         ; work         ;
;       |FIFO_Control:FC|                 ; 19 (11)             ; 10 (2)                    ; 0                 ; 0          ; 0    ; 0            ; |DE1_SoC|FIFO:FIFObuffer|FIFO_Control:FC                                                       ; FIFO_Control ; work         ;
;          |readPointer:readPointer|      ; 4 (4)               ; 4 (4)                     ; 0                 ; 0          ; 0    ; 0            ; |DE1_SoC|FIFO:FIFObuffer|FIFO_Control:FC|readPointer:readPointer                               ; readPointer  ; work         ;
;          |writePointer:writePointer|    ; 4 (4)               ; 4 (4)                     ; 0                 ; 0          ; 0    ; 0            ; |DE1_SoC|FIFO:FIFObuffer|FIFO_Control:FC|writePointer:writePointer                             ; writePointer ; work         ;
;       |ram16x8:ramData|                 ; 0 (0)               ; 8 (0)                     ; 0                 ; 0          ; 0    ; 0            ; |DE1_SoC|FIFO:FIFObuffer|ram16x8:ramData                                                       ; ram16x8      ; work         ;
;          |altdpram:altdpram_component|  ; 0 (0)               ; 8 (0)                     ; 0                 ; 0          ; 0    ; 0            ; |DE1_SoC|FIFO:FIFObuffer|ram16x8:ramData|altdpram:altdpram_component                           ; altdpram     ; work         ;
;             |dpram_u442:auto_generated| ; 0 (0)               ; 8 (8)                     ; 0                 ; 0          ; 0    ; 0            ; |DE1_SoC|FIFO:FIFObuffer|ram16x8:ramData|altdpram:altdpram_component|dpram_u442:auto_generated ; dpram_u442   ; work         ;
;    |hexDisplay:display|                 ; 28 (28)             ; 0 (0)                     ; 0                 ; 0          ; 0    ; 0            ; |DE1_SoC|hexDisplay:display                                                                    ; hexDisplay   ; work         ;
+-----------------------------------------+---------------------+---------------------------+-------------------+------------+------+--------------+------------------------------------------------------------------------------------------------+--------------+--------------+
Note: For table entries with two numbers listed, the numbers in parentheses indicate the number of resources of the given type used by the specific entity alone. The numbers listed outside of parentheses indicate the total resources of the given type used by the specific entity and all of its sub-entities in the hierarchy.


+--------------------------------------------------------------------------------------------------------------------------------------------------------------------------------------------------------------------+
; Analysis & Synthesis RAM Summary                                                                                                                                                                                   ;
+---------------------------------------------------------------------------------------------------------+------+------------------+--------------+--------------+--------------+--------------+------+-------------+
; Name                                                                                                    ; Type ; Mode             ; Port A Depth ; Port A Width ; Port B Depth ; Port B Width ; Size ; MIF         ;
+---------------------------------------------------------------------------------------------------------+------+------------------+--------------+--------------+--------------+--------------+------+-------------+
; FIFO:FIFObuffer|ram16x8:ramData|altdpram:altdpram_component|dpram_u442:auto_generated|ALTDPRAM_INSTANCE ; MLAB ; Simple Dual Port ; 16           ; 8            ; 16           ; 8            ; 128  ; ram16x8.mif ;
+---------------------------------------------------------------------------------------------------------+------+------------------+--------------+--------------+--------------+--------------+------+-------------+


+----------------------------------------------------------------------------------------------------------------------------+
; Analysis & Synthesis IP Cores Summary                                                                                      ;
+--------+--------------+---------+--------------+--------------+------------------------------------------+-----------------+
; Vendor ; IP Core Name ; Version ; Release Date ; License Type ; Entity Instance                          ; IP Include File ;
+--------+--------------+---------+--------------+--------------+------------------------------------------+-----------------+
; Altera ; RAM: 2-PORT  ; 17.0    ; N/A          ; N/A          ; |DE1_SoC|FIFO:FIFObuffer|ram16x8:ramData ; ram16x8.v       ;
+--------+--------------+---------+--------------+--------------+------------------------------------------+-----------------+


+------------------------------------------------------------------------------------+
; Registers Removed During Synthesis                                                 ;
+-------------------------------------------+----------------------------------------+
; Register name                             ; Reason for Removal                     ;
+-------------------------------------------+----------------------------------------+
; FIFO:FIFObuffer|FIFO_Control:FC|ps[2..31] ; Stuck at GND due to stuck port data_in ;
; Total Number of Removed Registers = 30    ;                                        ;
+-------------------------------------------+----------------------------------------+


+------------------------------------------------------+
; General Register Statistics                          ;
+----------------------------------------------+-------+
; Statistic                                    ; Value ;
+----------------------------------------------+-------+
; Total registers                              ; 18    ;
; Number of registers using Synchronous Clear  ; 0     ;
; Number of registers using Synchronous Load   ; 0     ;
; Number of registers using Asynchronous Clear ; 0     ;
; Number of registers using Asynchronous Load  ; 0     ;
; Number of registers using Clock Enable       ; 0     ;
; Number of registers using Preset             ; 0     ;
+----------------------------------------------+-------+


+--------------------------------------------------------------------------------------------------------------------------------------------------------------------------------------------------+
; Multiplexer Restructuring Statistics (Restructuring Performed)                                                                                                                                   ;
+--------------------+-----------+---------------+----------------------+------------------------+------------+------------------------------------------------------------------------------------+
; Multiplexer Inputs ; Bus Width ; Baseline Area ; Area if Restructured ; Saving if Restructured ; Registered ; Example Multiplexer Output                                                         ;
+--------------------+-----------+---------------+----------------------+------------------------+------------+------------------------------------------------------------------------------------+
; 3:1                ; 4 bits    ; 8 LEs         ; 8 LEs                ; 0 LEs                  ; Yes        ; |DE1_SoC|FIFO:FIFObuffer|FIFO_Control:FC|writePointer:writePointer|writePointer[0] ;
; 3:1                ; 4 bits    ; 8 LEs         ; 8 LEs                ; 0 LEs                  ; Yes        ; |DE1_SoC|FIFO:FIFObuffer|FIFO_Control:FC|readPointer:readPointer|readPointer[3]    ;
+--------------------+-----------+---------------+----------------------+------------------------+------------+------------------------------------------------------------------------------------+


+--------------------------------------------------------------+
; Parameter Settings for User Entity Instance: FIFO:FIFObuffer ;
+----------------+-------+-------------------------------------+
; Parameter Name ; Value ; Type                                ;
+----------------+-------+-------------------------------------+
; depth          ; 4     ; Signed Integer                      ;
; width          ; 8     ; Signed Integer                      ;
+----------------+-------+-------------------------------------+
Note: In order to hide this table in the UI and the text report file, please set the "Show Parameter Settings in Synthesis Report" option in "Analysis and Synthesis Settings -> More Settings" to "Off".


+----------------------------------------------------------------------------------------------------------+
; Parameter Settings for User Entity Instance: FIFO:FIFObuffer|ram16x8:ramData|altdpram:altdpram_component ;
+-------------------------------------+-----------------------+--------------------------------------------+
; Parameter Name                      ; Value                 ; Type                                       ;
+-------------------------------------+-----------------------+--------------------------------------------+
; WIDTH_BYTEENA_A                     ; 1                     ; Untyped                                    ;
; WIDTH_BYTEENA_B                     ; 1                     ; Untyped                                    ;
; WIDTH_ECCSTATUS                     ; 3                     ; Untyped                                    ;
; WIDTH                               ; 8                     ; Signed Integer                             ;
; WIDTHAD                             ; 4                     ; Signed Integer                             ;
; NUMWORDS                            ; 16                    ; Untyped                                    ;
; FILE                                ; UNUSED                ; Untyped                                    ;
; LPM_FILE                            ; ram16x8.mif           ; Untyped                                    ;
; INDATA_REG                          ; INCLOCK               ; Untyped                                    ;
; INDATA_ACLR                         ; OFF                   ; Untyped                                    ;
; WRADDRESS_REG                       ; INCLOCK               ; Untyped                                    ;
; WRADDRESS_ACLR                      ; OFF                   ; Untyped                                    ;
; WRCONTROL_REG                       ; INCLOCK               ; Untyped                                    ;
; WRCONTROL_ACLR                      ; OFF                   ; Untyped                                    ;
; RDADDRESS_REG                       ; UNREGISTERED          ; Untyped                                    ;
; RDADDRESS_ACLR                      ; OFF                   ; Untyped                                    ;
; RDCONTROL_REG                       ; UNREGISTERED          ; Untyped                                    ;
; RDCONTROL_ACLR                      ; OFF                   ; Untyped                                    ;
; OUTDATA_REG                         ; OUTCLOCK              ; Untyped                                    ;
; OUTDATA_ACLR                        ; OFF                   ; Untyped                                    ;
; OUTDATA_SCLR                        ; ON                    ; Untyped                                    ;
; USE_EAB                             ; ON                    ; Untyped                                    ;
; MAXIMUM_DEPTH                       ; 2048                  ; Untyped                                    ;
; DEVICE_FAMILY                       ; Cyclone V             ; Untyped                                    ;
; SUPPRESS_MEMORY_CONVERSION_WARNINGS ; OFF                   ; Untyped                                    ;
; INTENDED_DEVICE_FAMILY              ; Cyclone V             ; Untyped                                    ;
; ENABLE_RAM_BENCHMARKING_MODE        ; OFF                   ; Untyped                                    ;
; RAM_BLOCK_TYPE                      ; MLAB                  ; Untyped                                    ;
; READ_DURING_WRITE_MODE_MIXED_PORTS  ; CONSTRAINED_DONT_CARE ; Untyped                                    ;
; BYTE_SIZE                           ; 8                     ; Untyped                                    ;
; WIDTH_BYTEENA                       ; 1                     ; Signed Integer                             ;
; DISABLE_LE_RAM_LIMIT_CHECK          ; OFF                   ; Untyped                                    ;
; CBXI_PARAMETER                      ; dpram_u442            ; Untyped                                    ;
; AUTO_CARRY_CHAINS                   ; ON                    ; AUTO_CARRY                                 ;
; IGNORE_CARRY_BUFFERS                ; OFF                   ; IGNORE_CARRY                               ;
; AUTO_CASCADE_CHAINS                 ; ON                    ; AUTO_CASCADE                               ;
; IGNORE_CASCADE_BUFFERS              ; OFF                   ; IGNORE_CASCADE                             ;
+-------------------------------------+-----------------------+--------------------------------------------+
Note: In order to hide this table in the UI and the text report file, please set the "Show Parameter Settings in Synthesis Report" option in "Analysis and Synthesis Settings -> More Settings" to "Off".


+------------------------------------------------------------------------------+
; Parameter Settings for User Entity Instance: FIFO:FIFObuffer|FIFO_Control:FC ;
+----------------+-------+-----------------------------------------------------+
; Parameter Name ; Value ; Type                                                ;
+----------------+-------+-----------------------------------------------------+
; depth          ; 4     ; Signed Integer                                      ;
+----------------+-------+-----------------------------------------------------+
Note: In order to hide this table in the UI and the text report file, please set the "Show Parameter Settings in Synthesis Report" option in "Analysis and Synthesis Settings -> More Settings" to "Off".


+-----------------------------------------------------------------+
; Parameter Settings for User Entity Instance: hexDisplay:display ;
+----------------+---------+--------------------------------------+
; Parameter Name ; Value   ; Type                                 ;
+----------------+---------+--------------------------------------+
; zero           ; 1000000 ; Unsigned Binary                      ;
; one            ; 1111001 ; Unsigned Binary                      ;
; two            ; 0100100 ; Unsigned Binary                      ;
; three          ; 0110000 ; Unsigned Binary                      ;
; four           ; 0011001 ; Unsigned Binary                      ;
; five           ; 0010010 ; Unsigned Binary                      ;
; six            ; 0000010 ; Unsigned Binary                      ;
; seven          ; 1111000 ; Unsigned Binary                      ;
; eight          ; 0000000 ; Unsigned Binary                      ;
; nine           ; 0011000 ; Unsigned Binary                      ;
; A              ; 0001000 ; Unsigned Binary                      ;
; B              ; 0000011 ; Unsigned Binary                      ;
; C              ; 1000110 ; Unsigned Binary                      ;
; D              ; 0100001 ; Unsigned Binary                      ;
; E              ; 0000110 ; Unsigned Binary                      ;
; F              ; 0001110 ; Unsigned Binary                      ;
; blk            ; 1111111 ; Unsigned Binary                      ;
+----------------+---------+--------------------------------------+
Note: In order to hide this table in the UI and the text report file, please set the "Show Parameter Settings in Synthesis Report" option in "Analysis and Synthesis Settings -> More Settings" to "Off".


+-----------------------------------------------------+
; Post-Synthesis Netlist Statistics for Top Partition ;
+-----------------------+-----------------------------+
; Type                  ; Count                       ;
+-----------------------+-----------------------------+
; arriav_ff             ; 18                          ;
;     plain             ; 18                          ;
; arriav_lcell_comb     ; 53                          ;
;     normal            ; 53                          ;
;         0 data inputs ; 1                           ;
;         1 data inputs ; 5                           ;
;         2 data inputs ; 5                           ;
;         3 data inputs ; 3                           ;
;         4 data inputs ; 30                          ;
;         5 data inputs ; 5                           ;
;         6 data inputs ; 4                           ;
; arriav_mlab_cell      ; 8                           ;
; boundary_port         ; 53                          ;
;                       ;                             ;
; Max LUT depth         ; 2.00                        ;
; Average LUT depth     ; 1.41                        ;
+-----------------------+-----------------------------+


+-------------------------------+
; Elapsed Time Per Partition    ;
+----------------+--------------+
; Partition Name ; Elapsed Time ;
+----------------+--------------+
; Top            ; 00:00:00     ;
+----------------+--------------+


+-------------------------------+
; Analysis & Synthesis Messages ;
+-------------------------------+
Info: *******************************************************************
Info: Running Quartus Prime Analysis & Synthesis
    Info: Version 17.0.0 Build 595 04/25/2017 SJ Lite Edition
    Info: Processing started: Tue Feb 01 19:08:53 2022
Info: Command: quartus_map --read_settings_files=on --write_settings_files=off FIFO -c FIFO
Warning (18236): Number of processors has not been specified which may cause overloading on shared machines.  Set the global assignment NUM_PARALLEL_PROCESSORS in your QSF to an appropriate value for best performance.
Info (20030): Parallel compilation is enabled and will use 10 of the 10 processors detected
Info (12021): Found 2 design units, including 2 entities, in source file fifo_control.sv
    Info (12023): Found entity 1: FIFO_Control File: C:/Users/Alan/Documents/UW/EE 371/lab2/lab2_task3/FIFO_Control.sv Line: 8
    Info (12023): Found entity 2: FIFO_Control_testbench File: C:/Users/Alan/Documents/UW/EE 371/lab2/lab2_task3/FIFO_Control.sv Line: 85
Info (12021): Found 2 design units, including 2 entities, in source file fifo.sv
    Info (12023): Found entity 1: FIFO File: C:/Users/Alan/Documents/UW/EE 371/lab2/lab2_task3/FIFO.sv Line: 8
    Info (12023): Found entity 2: FIFO_testbench File: C:/Users/Alan/Documents/UW/EE 371/lab2/lab2_task3/FIFO.sv Line: 46
Info (12021): Found 1 design units, including 1 entities, in source file ram16x8.v
    Info (12023): Found entity 1: ram16x8 File: C:/Users/Alan/Documents/UW/EE 371/lab2/lab2_task3/ram16x8.v Line: 40
Info (12021): Found 2 design units, including 2 entities, in source file de1_soc.sv
    Info (12023): Found entity 1: DE1_SoC File: C:/Users/Alan/Documents/UW/EE 371/lab2/lab2_task3/DE1_SoC.sv Line: 8
    Info (12023): Found entity 2: DE1_SoC_testbench File: C:/Users/Alan/Documents/UW/EE 371/lab2/lab2_task3/DE1_SoC.sv Line: 35
Info (12021): Found 2 design units, including 2 entities, in source file writepointer.sv
    Info (12023): Found entity 1: writePointer File: C:/Users/Alan/Documents/UW/EE 371/lab2/lab2_task3/writePointer.sv Line: 8
    Info (12023): Found entity 2: writePointer_testbench File: C:/Users/Alan/Documents/UW/EE 371/lab2/lab2_task3/writePointer.sv Line: 29
Info (12021): Found 2 design units, including 2 entities, in source file readpointer.sv
    Info (12023): Found entity 1: readPointer File: C:/Users/Alan/Documents/UW/EE 371/lab2/lab2_task3/readPointer.sv Line: 8
    Info (12023): Found entity 2: readPointer_testbench File: C:/Users/Alan/Documents/UW/EE 371/lab2/lab2_task3/readPointer.sv Line: 28
Info (12021): Found 2 design units, including 2 entities, in source file hexdisplay.sv
    Info (12023): Found entity 1: hexDisplay File: C:/Users/Alan/Documents/UW/EE 371/lab2/lab2_task3/hexDisplay.sv Line: 8
    Info (12023): Found entity 2: hexDisplay_testbench File: C:/Users/Alan/Documents/UW/EE 371/lab2/lab2_task3/hexDisplay.sv Line: 121
Info (12127): Elaborating entity "DE1_SoC" for the top level hierarchy
Warning (10034): Output port "LEDR[7..0]" at DE1_SoC.sv(12) has no driver File: C:/Users/Alan/Documents/UW/EE 371/lab2/lab2_task3/DE1_SoC.sv Line: 12
Info (12128): Elaborating entity "FIFO" for hierarchy "FIFO:FIFObuffer" File: C:/Users/Alan/Documents/UW/EE 371/lab2/lab2_task3/DE1_SoC.sv Line: 26
Info (12128): Elaborating entity "ram16x8" for hierarchy "FIFO:FIFObuffer|ram16x8:ramData" File: C:/Users/Alan/Documents/UW/EE 371/lab2/lab2_task3/FIFO.sv Line: 28
Info (12128): Elaborating entity "altdpram" for hierarchy "FIFO:FIFObuffer|ram16x8:ramData|altdpram:altdpram_component" File: C:/Users/Alan/Documents/UW/EE 371/lab2/lab2_task3/ram16x8.v Line: 80
Info (12130): Elaborated megafunction instantiation "FIFO:FIFObuffer|ram16x8:ramData|altdpram:altdpram_component" File: C:/Users/Alan/Documents/UW/EE 371/lab2/lab2_task3/ram16x8.v Line: 80
Info (12133): Instantiated megafunction "FIFO:FIFObuffer|ram16x8:ramData|altdpram:altdpram_component" with the following parameter: File: C:/Users/Alan/Documents/UW/EE 371/lab2/lab2_task3/ram16x8.v Line: 80
    Info (12134): Parameter "indata_aclr" = "OFF"
    Info (12134): Parameter "indata_reg" = "INCLOCK"
    Info (12134): Parameter "intended_device_family" = "Cyclone V"
    Info (12134): Parameter "lpm_file" = "ram16x8.mif"
    Info (12134): Parameter "lpm_type" = "altdpram"
    Info (12134): Parameter "outdata_aclr" = "OFF"
    Info (12134): Parameter "outdata_reg" = "OUTCLOCK"
    Info (12134): Parameter "ram_block_type" = "MLAB"
    Info (12134): Parameter "rdaddress_aclr" = "OFF"
    Info (12134): Parameter "rdaddress_reg" = "UNREGISTERED"
    Info (12134): Parameter "rdcontrol_aclr" = "OFF"
    Info (12134): Parameter "rdcontrol_reg" = "UNREGISTERED"
    Info (12134): Parameter "read_during_write_mode_mixed_ports" = "CONSTRAINED_DONT_CARE"
    Info (12134): Parameter "width" = "8"
    Info (12134): Parameter "widthad" = "4"
    Info (12134): Parameter "width_byteena" = "1"
    Info (12134): Parameter "wraddress_aclr" = "OFF"
    Info (12134): Parameter "wraddress_reg" = "INCLOCK"
    Info (12134): Parameter "wrcontrol_aclr" = "OFF"
    Info (12134): Parameter "wrcontrol_reg" = "INCLOCK"
Info (12021): Found 1 design units, including 1 entities, in source file db/dpram_u442.tdf
    Info (12023): Found entity 1: dpram_u442 File: C:/Users/Alan/Documents/UW/EE 371/lab2/lab2_task3/db/dpram_u442.tdf Line: 26
Info (12128): Elaborating entity "dpram_u442" for hierarchy "FIFO:FIFObuffer|ram16x8:ramData|altdpram:altdpram_component|dpram_u442:auto_generated" File: c:/intelfpga_lite/17.0/quartus/libraries/megafunctions/altdpram.tdf Line: 203
Info (12128): Elaborating entity "FIFO_Control" for hierarchy "FIFO:FIFObuffer|FIFO_Control:FC" File: C:/Users/Alan/Documents/UW/EE 371/lab2/lab2_task3/FIFO.sv Line: 40
Info (12128): Elaborating entity "writePointer" for hierarchy "FIFO:FIFObuffer|FIFO_Control:FC|writePointer:writePointer" File: C:/Users/Alan/Documents/UW/EE 371/lab2/lab2_task3/FIFO_Control.sv Line: 18
Warning (10230): Verilog HDL assignment warning at writePointer.sv(21): truncated value with size 32 to match size of target (4) File: C:/Users/Alan/Documents/UW/EE 371/lab2/lab2_task3/writePointer.sv Line: 21
Info (12128): Elaborating entity "readPointer" for hierarchy "FIFO:FIFObuffer|FIFO_Control:FC|readPointer:readPointer" File: C:/Users/Alan/Documents/UW/EE 371/lab2/lab2_task3/FIFO_Control.sv Line: 21
Warning (10230): Verilog HDL assignment warning at readPointer.sv(21): truncated value with size 32 to match size of target (4) File: C:/Users/Alan/Documents/UW/EE 371/lab2/lab2_task3/readPointer.sv Line: 21
Info (12128): Elaborating entity "hexDisplay" for hierarchy "hexDisplay:display" File: C:/Users/Alan/Documents/UW/EE 371/lab2/lab2_task3/DE1_SoC.sv Line: 29
Warning (13024): Output pins are stuck at VCC or GND
    Warning (13410): Pin "LEDR[0]" is stuck at GND File: C:/Users/Alan/Documents/UW/EE 371/lab2/lab2_task3/DE1_SoC.sv Line: 12
    Warning (13410): Pin "LEDR[1]" is stuck at GND File: C:/Users/Alan/Documents/UW/EE 371/lab2/lab2_task3/DE1_SoC.sv Line: 12
    Warning (13410): Pin "LEDR[2]" is stuck at GND File: C:/Users/Alan/Documents/UW/EE 371/lab2/lab2_task3/DE1_SoC.sv Line: 12
    Warning (13410): Pin "LEDR[3]" is stuck at GND File: C:/Users/Alan/Documents/UW/EE 371/lab2/lab2_task3/DE1_SoC.sv Line: 12
    Warning (13410): Pin "LEDR[4]" is stuck at GND File: C:/Users/Alan/Documents/UW/EE 371/lab2/lab2_task3/DE1_SoC.sv Line: 12
    Warning (13410): Pin "LEDR[5]" is stuck at GND File: C:/Users/Alan/Documents/UW/EE 371/lab2/lab2_task3/DE1_SoC.sv Line: 12
    Warning (13410): Pin "LEDR[6]" is stuck at GND File: C:/Users/Alan/Documents/UW/EE 371/lab2/lab2_task3/DE1_SoC.sv Line: 12
    Warning (13410): Pin "LEDR[7]" is stuck at GND File: C:/Users/Alan/Documents/UW/EE 371/lab2/lab2_task3/DE1_SoC.sv Line: 12
Info (286030): Timing-Driven Synthesis is running
Info (16010): Generating hard_block partition "hard_block:auto_generated_inst"
    Info (16011): Adding 0 node(s), including 0 DDIO, 0 PLL, 0 transceiver and 0 LCELL
Warning (21074): Design contains 3 input pin(s) that do not drive logic
    Warning (15610): No output dependent on input pin "SW[8]" File: C:/Users/Alan/Documents/UW/EE 371/lab2/lab2_task3/DE1_SoC.sv Line: 9
    Warning (15610): No output dependent on input pin "SW[9]" File: C:/Users/Alan/Documents/UW/EE 371/lab2/lab2_task3/DE1_SoC.sv Line: 9
    Warning (15610): No output dependent on input pin "KEY[3]" File: C:/Users/Alan/Documents/UW/EE 371/lab2/lab2_task3/DE1_SoC.sv Line: 10
Info (21057): Implemented 116 device resources after synthesis - the final resource count might be different
    Info (21058): Implemented 15 input pins
    Info (21059): Implemented 38 output pins
    Info (21061): Implemented 55 logic cells
    Info (21064): Implemented 8 RAM segments
Info: Quartus Prime Analysis & Synthesis was successful. 0 errors, 17 warnings
    Info: Peak virtual memory: 4881 megabytes
    Info: Processing ended: Tue Feb 01 19:08:59 2022
    Info: Elapsed time: 00:00:06
    Info: Total CPU time (on all processors): 00:00:15


